{"numFailedTestSuites":0,"numFailedTests":0,"numPassedTestSuites":1,"numPassedTests":7,"numPendingTestSuites":0,"numPendingTests":0,"numRuntimeErrorTestSuites":0,"numTodoTests":0,"numTotalTestSuites":1,"numTotalTests":7,"openHandles":[],"snapshot":{"added":0,"didUpdate":false,"failure":false,"filesAdded":0,"filesRemoved":0,"filesRemovedList":[],"filesUnmatched":0,"filesUpdated":0,"matched":0,"total":0,"unchecked":0,"uncheckedKeysByFile":[],"unmatched":0,"updated":0},"startTime":1749887013651,"success":true,"testResults":[{"assertionResults":[{"ancestorTitles":["EDI837Generator","generateEDI"],"duration":55,"failureDetails":[],"failureMessages":[],"fullName":"EDI837Generator generateEDI should generate valid EDI 837 content","invocations":1,"location":null,"numPassingAsserts":3,"retryReasons":[],"status":"passed","title":"should generate valid EDI 837 content"},{"ancestorTitles":["EDI837Generator","generateEDI"],"duration":2,"failureDetails":[],"failureMessages":[],"fullName":"EDI837Generator generateEDI should include all required segments","invocations":1,"location":null,"numPassingAsserts":13,"retryReasons":[],"status":"passed","title":"should include all required segments"},{"ancestorTitles":["EDI837Generator","generateEDI"],"duration":2,"failureDetails":[],"failureMessages":[],"fullName":"EDI837Generator generateEDI should handle missing optional fields gracefully","invocations":1,"location":null,"numPassingAsserts":3,"retryReasons":[],"status":"passed","title":"should handle missing optional fields gracefully"},{"ancestorTitles":["EDI837Generator","generateEDI"],"duration":14,"failureDetails":[],"failureMessages":[],"fullName":"EDI837Generator generateEDI should throw error for invalid claim data","invocations":1,"location":null,"numPassingAsserts":1,"retryReasons":[],"status":"passed","title":"should throw error for invalid claim data"},{"ancestorTitles":["EDI837Generator","generateControlNumber"],"duration":1,"failureDetails":[],"failureMessages":[],"fullName":"EDI837Generator generateControlNumber should generate a 9-digit control number","invocations":1,"location":null,"numPassingAsserts":1,"retryReasons":[],"status":"passed","title":"should generate a 9-digit control number"},{"ancestorTitles":["EDI837Generator","formatDate"],"duration":0,"failureDetails":[],"failureMessages":[],"fullName":"EDI837Generator formatDate should format date as YYYYMMDD","invocations":1,"location":null,"numPassingAsserts":1,"retryReasons":[],"status":"passed","title":"should format date as YYYYMMDD"},{"ancestorTitles":["EDI837Generator","formatTime"],"duration":1,"failureDetails":[],"failureMessages":[],"fullName":"EDI837Generator formatTime should format time as HHmm","invocations":1,"location":null,"numPassingAsserts":1,"retryReasons":[],"status":"passed","title":"should format time as HHmm"}],"endTime":1749887017142,"message":"","name":"C:\\Users\\AbbasRizvi\\CascadeProjects\\for-your-health-mvp\\__tests__\\ediGenerator.test.ts","startTime":1749887015576,"status":"passed","summary":""}],"wasInterrupted":false}
