{"C:\\Users\\AbbasRizvi\\CascadeProjects\\for-your-health-mvp\\lib\\claims\\eligibility\\checker.ts": {"path":"C:\\Users\\AbbasRizvi\\CascadeProjects\\for-your-health-mvp\\lib\\claims\\eligibility\\checker.ts","statementMap":{"0":{"start":{"line":2,"column":0},"end":{"line":2,"column":47}},"1":{"start":{"line":8,"column":26},"end":{"line":8,"column":30}},"2":{"start":{"line":16,"column":10},"end":{"line":16,"column":45}},"3":{"start":{"line":17,"column":10},"end":{"line":17,"column":69}},"4":{"start":{"line":18,"column":10},"end":{"line":18,"column":61}},"5":{"start":{"line":28,"column":4},"end":{"line":28,"column":33}},"6":{"start":{"line":29,"column":4},"end":{"line":32,"column":6}},"7":{"start":{"line":40,"column":4},"end":{"line":40,"column":30}},"8":{"start":{"line":49,"column":4},"end":{"line":49,"column":44}},"9":{"start":{"line":57,"column":4},"end":{"line":57,"column":45}},"10":{"start":{"line":67,"column":4},"end":{"line":144,"column":null}},"11":{"start":{"line":70,"column":4},"end":{"line":143,"column":5}},"12":{"start":{"line":72,"column":19},"end":{"line":78,"column":8}},"13":{"start":{"line":80,"column":6},"end":{"line":88,"column":7}},"14":{"start":{"line":81,"column":8},"end":{"line":87,"column":10}},"15":{"start":{"line":91,"column":23},"end":{"line":91,"column":79}},"16":{"start":{"line":92,"column":27},"end":{"line":94,"column":59}},"17":{"start":{"line":96,"column":6},"end":{"line":98,"column":7}},"18":{"start":{"line":97,"column":8},"end":{"line":97,"column":28}},"19":{"start":{"line":101,"column":22},"end":{"line":101,"column":51}},"20":{"start":{"line":102,"column":6},"end":{"line":110,"column":7}},"21":{"start":{"line":103,"column":8},"end":{"line":109,"column":10}},"22":{"start":{"line":113,"column":26},"end":{"line":113,"column":61}},"23":{"start":{"line":117,"column":6},"end":{"line":123,"column":7}},"24":{"start":{"line":119,"column":8},"end":{"line":119,"column":68}},"25":{"start":{"line":122,"column":8},"end":{"line":122,"column":65}},"26":{"start":{"line":126,"column":6},"end":{"line":130,"column":8}},"27":{"start":{"line":132,"column":6},"end":{"line":132,"column":20}},"28":{"start":{"line":134,"column":6},"end":{"line":134,"column":56}},"29":{"start":{"line":135,"column":6},"end":{"line":142,"column":8}},"30":{"start":{"line":154,"column":20},"end":{"line":156,"column":17}},"31":{"start":{"line":157,"column":4},"end":{"line":157,"column":58}},"32":{"start":{"line":164,"column":22},"end":{"line":164,"column":55}},"33":{"start":{"line":165,"column":4},"end":{"line":168,"column":5}},"34":{"start":{"line":166,"column":6},"end":{"line":166,"column":68}},"35":{"start":{"line":167,"column":6},"end":{"line":167,"column":18}},"36":{"start":{"line":170,"column":4},"end":{"line":170,"column":36}},"37":{"start":{"line":182,"column":4},"end":{"line":204,"column":6}},"38":{"start":{"line":214,"column":16},"end":{"line":214,"column":26}},"39":{"start":{"line":215,"column":24},"end":{"line":215,"column":50}},"40":{"start":{"line":218,"column":21},"end":{"line":219,"column":68}},"41":{"start":{"line":221,"column":4},"end":{"line":229,"column":5}},"42":{"start":{"line":222,"column":6},"end":{"line":228,"column":8}},"43":{"start":{"line":232,"column":4},"end":{"line":250,"column":6}},"44":{"start":{"line":258,"column":4},"end":{"line":269,"column":5}},"45":{"start":{"line":264,"column":6},"end":{"line":264,"column":31}},"46":{"start":{"line":265,"column":6},"end":{"line":265,"column":18}},"47":{"start":{"line":267,"column":6},"end":{"line":267,"column":53}},"48":{"start":{"line":268,"column":6},"end":{"line":268,"column":19}},"49":{"start":{"line":13,"column":0},"end":{"line":13,"column":13}},"50":{"start":{"line":273,"column":0},"end":{"line":273,"column":34}}},"fnMap":{"0":{"name":"(anonymous_7)","decl":{"start":{"line":20,"column":2},"end":{"line":20,"column":14}},"loc":{"start":{"line":27,"column":3},"end":{"line":33,"column":3}}},"1":{"name":"(anonymous_8)","decl":{"start":{"line":39,"column":2},"end":{"line":39,"column":16}},"loc":{"start":{"line":39,"column":43},"end":{"line":41,"column":3}}},"2":{"name":"(anonymous_9)","decl":{"start":{"line":48,"column":2},"end":{"line":48,"column":19}},"loc":{"start":{"line":48,"column":69},"end":{"line":50,"column":3}}},"3":{"name":"(anonymous_10)","decl":{"start":{"line":56,"column":2},"end":{"line":56,"column":16}},"loc":{"start":{"line":56,"column":36},"end":{"line":58,"column":3}}},"4":{"name":"(anonymous_11)","decl":{"start":{"line":66,"column":8},"end":{"line":66,"column":24}},"loc":{"start":{"line":66,"column":24},"end":{"line":144,"column":null}}},"5":{"name":"(anonymous_12)","decl":{"start":{"line":67,"column":4},"end":{"line":67,"column":20}},"loc":{"start":{"line":68,"column":41},"end":{"line":144,"column":3}}},"6":{"name":"(anonymous_13)","decl":{"start":{"line":149,"column":10},"end":{"line":149,"column":21}},"loc":{"start":{"line":152,"column":22},"end":{"line":158,"column":3}}},"7":{"name":"(anonymous_14)","decl":{"start":{"line":163,"column":16},"end":{"line":163,"column":28}},"loc":{"start":{"line":163,"column":48},"end":{"line":171,"column":null}}},"8":{"name":"(anonymous_16)","decl":{"start":{"line":176,"column":16},"end":{"line":176,"column":40}},"loc":{"start":{"line":178,"column":36},"end":{"line":205,"column":null}}},"9":{"name":"(anonymous_18)","decl":{"start":{"line":210,"column":16},"end":{"line":210,"column":37}},"loc":{"start":{"line":212,"column":36},"end":{"line":251,"column":null}}},"10":{"name":"(anonymous_20)","decl":{"start":{"line":257,"column":8},"end":{"line":257,"column":18}},"loc":{"start":{"line":257,"column":35},"end":{"line":270,"column":null}}}},"branchMap":{"0":{"loc":{"start":{"line":30,"column":6},"end":{"line":30,"column":35}},"type":"binary-expr","locations":[{"start":{"line":30,"column":6},"end":{"line":30,"column":23}},{"start":{"line":30,"column":27},"end":{"line":30,"column":35}}]},"1":{"loc":{"start":{"line":31,"column":18},"end":{"line":31,"column":48}},"type":"cond-expr","locations":[{"start":{"line":31,"column":38},"end":{"line":31,"column":40}},{"start":{"line":31,"column":38},"end":{"line":31,"column":48}}]},"2":{"loc":{"start":{"line":31,"column":18},"end":{"line":31,"column":40}},"type":"binary-expr","locations":[{"start":{"line":31,"column":18},"end":{"line":31,"column":40}},{"start":{"line":31,"column":38},"end":{"line":31,"column":40}}]},"3":{"loc":{"start":{"line":68,"column":4},"end":{"line":68,"column":41}},"type":"default-arg","locations":[{"start":{"line":68,"column":39},"end":{"line":68,"column":41}}]},"4":{"loc":{"start":{"line":80,"column":6},"end":{"line":88,"column":7}},"type":"if","locations":[{"start":{"line":80,"column":6},"end":{"line":88,"column":7}}]},"5":{"loc":{"start":{"line":92,"column":27},"end":{"line":94,"column":59}},"type":"cond-expr","locations":[{"start":{"line":93,"column":10},"end":{"line":93,"column":14}},{"start":{"line":94,"column":10},"end":{"line":94,"column":59}}]},"6":{"loc":{"start":{"line":96,"column":6},"end":{"line":98,"column":7}},"type":"if","locations":[{"start":{"line":96,"column":6},"end":{"line":98,"column":7}}]},"7":{"loc":{"start":{"line":102,"column":6},"end":{"line":110,"column":7}},"type":"if","locations":[{"start":{"line":102,"column":6},"end":{"line":110,"column":7}}]},"8":{"loc":{"start":{"line":117,"column":6},"end":{"line":123,"column":7}},"type":"if","locations":[{"start":{"line":117,"column":6},"end":{"line":123,"column":7}},{"start":{"line":120,"column":13},"end":{"line":123,"column":7}}]},"9":{"loc":{"start":{"line":117,"column":10},"end":{"line":117,"column":39}},"type":"cond-expr","locations":[{"start":{"line":117,"column":21},"end":{"line":117,"column":23}},{"start":{"line":117,"column":10},"end":{"line":117,"column":39}}]},"10":{"loc":{"start":{"line":117,"column":10},"end":{"line":117,"column":23}},"type":"binary-expr","locations":[{"start":{"line":117,"column":10},"end":{"line":117,"column":23}},{"start":{"line":117,"column":10},"end":{"line":117,"column":23}}]},"11":{"loc":{"start":{"line":129,"column":8},"end":{"line":129,"column":45}},"type":"binary-expr","locations":[{"start":{"line":129,"column":8},"end":{"line":129,"column":24}},{"start":{"line":129,"column":28},"end":{"line":129,"column":45}}]},"12":{"loc":{"start":{"line":140,"column":19},"end":{"line":140,"column":73}},"type":"cond-expr","locations":[{"start":{"line":140,"column":44},"end":{"line":140,"column":57}},{"start":{"line":140,"column":60},"end":{"line":140,"column":73}}]},"13":{"loc":{"start":{"line":154,"column":20},"end":{"line":156,"column":17}},"type":"cond-expr","locations":[{"start":{"line":155,"column":8},"end":{"line":155,"column":47}},{"start":{"line":156,"column":8},"end":{"line":156,"column":17}}]},"14":{"loc":{"start":{"line":165,"column":4},"end":{"line":168,"column":5}},"type":"if","locations":[{"start":{"line":165,"column":4},"end":{"line":168,"column":5}}]},"15":{"loc":{"start":{"line":185,"column":16},"end":{"line":185,"column":37}},"type":"binary-expr","locations":[{"start":{"line":185,"column":16},"end":{"line":185,"column":29}},{"start":{"line":185,"column":33},"end":{"line":185,"column":37}}]},"16":{"loc":{"start":{"line":215,"column":24},"end":{"line":215,"column":50}},"type":"binary-expr","locations":[{"start":{"line":215,"column":24},"end":{"line":215,"column":43}},{"start":{"line":215,"column":47},"end":{"line":215,"column":50}}]},"17":{"loc":{"start":{"line":218,"column":21},"end":{"line":219,"column":68}},"type":"binary-expr","locations":[{"start":{"line":218,"column":21},"end":{"line":218,"column":54}},{"start":{"line":219,"column":21},"end":{"line":219,"column":35}},{"start":{"line":219,"column":39},"end":{"line":219,"column":67}}]},"18":{"loc":{"start":{"line":221,"column":4},"end":{"line":229,"column":5}},"type":"if","locations":[{"start":{"line":221,"column":4},"end":{"line":229,"column":5}}]},"19":{"loc":{"start":{"line":235,"column":16},"end":{"line":235,"column":37}},"type":"binary-expr","locations":[{"start":{"line":235,"column":16},"end":{"line":235,"column":29}},{"start":{"line":235,"column":33},"end":{"line":235,"column":37}}]}},"s":{"0":0,"1":0,"2":0,"3":0,"4":0,"5":0,"6":0,"7":0,"8":0,"9":0,"10":0,"11":0,"12":0,"13":0,"14":0,"15":0,"16":0,"17":0,"18":0,"19":0,"20":0,"21":0,"22":0,"23":0,"24":0,"25":0,"26":0,"27":0,"28":0,"29":0,"30":0,"31":0,"32":0,"33":0,"34":0,"35":0,"36":0,"37":0,"38":0,"39":0,"40":0,"41":0,"42":0,"43":0,"44":0,"45":0,"46":0,"47":0,"48":0,"49":0,"50":0},"f":{"0":0,"1":0,"2":0,"3":0,"4":0,"5":0,"6":0,"7":0,"8":0,"9":0,"10":0},"b":{"0":[0,0],"1":[0,0],"2":[0,0],"3":[0],"4":[0],"5":[0,0],"6":[0],"7":[0],"8":[0,0],"9":[0,0],"10":[0,0],"11":[0,0],"12":[0,0],"13":[0,0],"14":[0],"15":[0,0],"16":[0,0],"17":[0,0,0],"18":[0],"19":[0,0]}}
,"C:\\Users\\AbbasRizvi\\CascadeProjects\\for-your-health-mvp\\lib\\claims\\eligibility\\index.ts": {"path":"C:\\Users\\AbbasRizvi\\CascadeProjects\\for-your-health-mvp\\lib\\claims\\eligibility\\index.ts","statementMap":{"0":{"start":{"line":2,"column":0},"end":{"line":2,"column":24}},"1":{"start":{"line":5,"column":0},"end":{"line":5,"column":24}},"2":{"start":{"line":8,"column":0},"end":{"line":8,"column":38}},"3":{"start":{"line":9,"column":0},"end":{"line":9,"column":41}},"4":{"start":{"line":12,"column":0},"end":{"line":12,"column":44}},"5":{"start":{"line":13,"column":0},"end":{"line":13,"column":47}},"6":{"start":{"line":16,"column":0},"end":{"line":16,"column":26}},"7":{"start":{"line":19,"column":0},"end":{"line":19,"column":9}},"8":{"start":{"line":19,"column":9},"end":{"line":19,"column":38}},"9":{"start":{"line":20,"column":0},"end":{"line":20,"column":9}},"10":{"start":{"line":20,"column":9},"end":{"line":20,"column":44}},"11":{"start":{"line":21,"column":0},"end":{"line":21,"column":9}},"12":{"start":{"line":21,"column":9},"end":{"line":21,"column":47}}},"fnMap":{"0":{"name":"(anonymous_5)","decl":{"start":{"line":19,"column":9},"end":{"line":19,"column":16}},"loc":{"start":{"line":19,"column":9},"end":{"line":19,"column":38}}},"1":{"name":"(anonymous_6)","decl":{"start":{"line":20,"column":9},"end":{"line":20,"column":16}},"loc":{"start":{"line":20,"column":9},"end":{"line":20,"column":44}}},"2":{"name":"(anonymous_7)","decl":{"start":{"line":21,"column":9},"end":{"line":21,"column":16}},"loc":{"start":{"line":21,"column":9},"end":{"line":21,"column":47}}}},"branchMap":{},"s":{"0":0,"1":0,"2":0,"3":0,"4":0,"5":0,"6":0,"7":0,"8":0,"9":0,"10":0,"11":0,"12":0},"f":{"0":0,"1":0,"2":0},"b":{}}
,"C:\\Users\\AbbasRizvi\\CascadeProjects\\for-your-health-mvp\\lib\\claims\\eligibility\\cache\\index.ts": {"path":"C:\\Users\\AbbasRizvi\\CascadeProjects\\for-your-health-mvp\\lib\\claims\\eligibility\\cache\\index.ts","statementMap":{"0":{"start":{"line":38,"column":10},"end":{"line":38,"column":74}},"1":{"start":{"line":41,"column":17},"end":{"line":41,"column":36}},"2":{"start":{"line":43,"column":4},"end":{"line":45,"column":5}},"3":{"start":{"line":44,"column":6},"end":{"line":44,"column":18}},"4":{"start":{"line":48,"column":4},"end":{"line":51,"column":5}},"5":{"start":{"line":49,"column":6},"end":{"line":49,"column":29}},"6":{"start":{"line":50,"column":6},"end":{"line":50,"column":18}},"7":{"start":{"line":53,"column":4},"end":{"line":53,"column":27}},"8":{"start":{"line":56,"column":12},"end":{"line":67,"column":null}},"9":{"start":{"line":57,"column":4},"end":{"line":66,"column":5}},"10":{"start":{"line":58,"column":6},"end":{"line":61,"column":9}},"11":{"start":{"line":62,"column":6},"end":{"line":62,"column":18}},"12":{"start":{"line":64,"column":6},"end":{"line":64,"column":53}},"13":{"start":{"line":65,"column":6},"end":{"line":65,"column":19}},"14":{"start":{"line":70,"column":4},"end":{"line":70,"column":34}},"15":{"start":{"line":74,"column":4},"end":{"line":74,"column":23}},"16":{"start":{"line":37,"column":0},"end":{"line":37,"column":13}},"17":{"start":{"line":85,"column":4},"end":{"line":101,"column":5}},"18":{"start":{"line":87,"column":31},"end":{"line":87,"column":47}},"19":{"start":{"line":88,"column":6},"end":{"line":90,"column":9}},"20":{"start":{"line":92,"column":6},"end":{"line":94,"column":9}},"21":{"start":{"line":93,"column":8},"end":{"line":93,"column":50}},"22":{"start":{"line":97,"column":6},"end":{"line":97,"column":49}},"23":{"start":{"line":99,"column":6},"end":{"line":99,"column":65}},"24":{"start":{"line":100,"column":6},"end":{"line":100,"column":60}},"25":{"start":{"line":105,"column":4},"end":{"line":111,"column":5}},"26":{"start":{"line":106,"column":20},"end":{"line":106,"column":46}},"27":{"start":{"line":107,"column":6},"end":{"line":107,"column":46}},"28":{"start":{"line":109,"column":6},"end":{"line":109,"column":52}},"29":{"start":{"line":110,"column":6},"end":{"line":110,"column":18}},"30":{"start":{"line":114,"column":12},"end":{"line":123,"column":null}},"31":{"start":{"line":115,"column":4},"end":{"line":122,"column":5}},"32":{"start":{"line":116,"column":22},"end":{"line":116,"column":51}},"33":{"start":{"line":117,"column":6},"end":{"line":117,"column":65}},"34":{"start":{"line":118,"column":6},"end":{"line":118,"column":18}},"35":{"start":{"line":120,"column":6},"end":{"line":120,"column":52}},"36":{"start":{"line":121,"column":6},"end":{"line":121,"column":19}},"37":{"start":{"line":126,"column":4},"end":{"line":132,"column":5}},"38":{"start":{"line":127,"column":21},"end":{"line":127,"column":47}},"39":{"start":{"line":128,"column":6},"end":{"line":128,"column":24}},"40":{"start":{"line":130,"column":6},"end":{"line":130,"column":55}},"41":{"start":{"line":131,"column":6},"end":{"line":131,"column":19}},"42":{"start":{"line":136,"column":4},"end":{"line":141,"column":5}},"43":{"start":{"line":137,"column":6},"end":{"line":137,"column":34}},"44":{"start":{"line":139,"column":6},"end":{"line":139,"column":54}},"45":{"start":{"line":140,"column":6},"end":{"line":140,"column":18}},"46":{"start":{"line":148,"column":4},"end":{"line":152,"column":5}},"47":{"start":{"line":149,"column":6},"end":{"line":149,"column":31}},"48":{"start":{"line":151,"column":6},"end":{"line":151,"column":64}},"49":{"start":{"line":81,"column":0},"end":{"line":81,"column":13}},"50":{"start":{"line":167,"column":4},"end":{"line":178,"column":5}},"51":{"start":{"line":169,"column":8},"end":{"line":174,"column":9}},"52":{"start":{"line":170,"column":10},"end":{"line":170,"column":51}},"53":{"start":{"line":172,"column":10},"end":{"line":172,"column":88}},"54":{"start":{"line":173,"column":10},"end":{"line":173,"column":35}},"55":{"start":{"line":177,"column":8},"end":{"line":177,"column":33}},"56":{"start":{"line":159,"column":0},"end":{"line":159,"column":13}}},"fnMap":{"0":{"name":"(anonymous_7)","decl":{"start":{"line":37,"column":0},"end":{"line":37,"column":13}},"loc":{"start":{"line":37,"column":0},"end":{"line":76,"column":1}}},"1":{"name":"(anonymous_8)","decl":{"start":{"line":40,"column":8},"end":{"line":40,"column":11}},"loc":{"start":{"line":40,"column":36},"end":{"line":54,"column":null}}},"2":{"name":"(anonymous_10)","decl":{"start":{"line":56,"column":8},"end":{"line":56,"column":11}},"loc":{"start":{"line":56,"column":11},"end":{"line":67,"column":null}}},"3":{"name":"(anonymous_11)","decl":{"start":{"line":56,"column":12},"end":{"line":56,"column":23}},"loc":{"start":{"line":56,"column":59},"end":{"line":67,"column":3}}},"4":{"name":"(anonymous_12)","decl":{"start":{"line":69,"column":8},"end":{"line":69,"column":14}},"loc":{"start":{"line":69,"column":26},"end":{"line":71,"column":null}}},"5":{"name":"(anonymous_14)","decl":{"start":{"line":73,"column":8},"end":{"line":73,"column":13}},"loc":{"start":{"line":73,"column":13},"end":{"line":75,"column":null}}},"6":{"name":"(anonymous_16)","decl":{"start":{"line":84,"column":2},"end":{"line":84,"column":14}},"loc":{"start":{"line":84,"column":31},"end":{"line":102,"column":3}}},"7":{"name":"(anonymous_17)","decl":{"start":{"line":92,"column":30},"end":{"line":92,"column":31}},"loc":{"start":{"line":92,"column":45},"end":{"line":94,"column":7}}},"8":{"name":"(anonymous_18)","decl":{"start":{"line":104,"column":8},"end":{"line":104,"column":11}},"loc":{"start":{"line":104,"column":36},"end":{"line":112,"column":null}}},"9":{"name":"(anonymous_20)","decl":{"start":{"line":114,"column":8},"end":{"line":114,"column":11}},"loc":{"start":{"line":114,"column":11},"end":{"line":123,"column":null}}},"10":{"name":"(anonymous_21)","decl":{"start":{"line":114,"column":12},"end":{"line":114,"column":23}},"loc":{"start":{"line":114,"column":59},"end":{"line":123,"column":3}}},"11":{"name":"(anonymous_22)","decl":{"start":{"line":125,"column":8},"end":{"line":125,"column":14}},"loc":{"start":{"line":125,"column":26},"end":{"line":133,"column":null}}},"12":{"name":"(anonymous_24)","decl":{"start":{"line":135,"column":8},"end":{"line":135,"column":13}},"loc":{"start":{"line":135,"column":13},"end":{"line":142,"column":null}}},"13":{"name":"(anonymous_26)","decl":{"start":{"line":147,"column":8},"end":{"line":147,"column":18}},"loc":{"start":{"line":147,"column":18},"end":{"line":153,"column":null}}},"14":{"name":"(anonymous_28)","decl":{"start":{"line":166,"column":2},"end":{"line":166,"column":8}},"loc":{"start":{"line":166,"column":84},"end":{"line":179,"column":3}}}},"branchMap":{"0":{"loc":{"start":{"line":43,"column":4},"end":{"line":45,"column":5}},"type":"if","locations":[{"start":{"line":43,"column":4},"end":{"line":45,"column":5}}]},"1":{"loc":{"start":{"line":48,"column":4},"end":{"line":51,"column":5}},"type":"if","locations":[{"start":{"line":48,"column":4},"end":{"line":51,"column":5}}]},"2":{"loc":{"start":{"line":48,"column":8},"end":{"line":48,"column":49}},"type":"binary-expr","locations":[{"start":{"line":48,"column":8},"end":{"line":48,"column":20}},{"start":{"line":48,"column":24},"end":{"line":48,"column":49}}]},"3":{"loc":{"start":{"line":56,"column":41},"end":{"line":56,"column":59}},"type":"default-arg","locations":[{"start":{"line":56,"column":55},"end":{"line":56,"column":59}}]},"4":{"loc":{"start":{"line":60,"column":17},"end":{"line":60,"column":50}},"type":"cond-expr","locations":[{"start":{"line":60,"column":23},"end":{"line":60,"column":46}},{"start":{"line":60,"column":49},"end":{"line":60,"column":50}}]},"5":{"loc":{"start":{"line":89,"column":13},"end":{"line":89,"column":46}},"type":"binary-expr","locations":[{"start":{"line":89,"column":13},"end":{"line":89,"column":21}},{"start":{"line":89,"column":25},"end":{"line":89,"column":46}}]},"6":{"loc":{"start":{"line":107,"column":13},"end":{"line":107,"column":45}},"type":"cond-expr","locations":[{"start":{"line":107,"column":21},"end":{"line":107,"column":38}},{"start":{"line":107,"column":41},"end":{"line":107,"column":45}}]},"7":{"loc":{"start":{"line":114,"column":41},"end":{"line":114,"column":59}},"type":"default-arg","locations":[{"start":{"line":114,"column":55},"end":{"line":114,"column":59}}]},"8":{"loc":{"start":{"line":116,"column":22},"end":{"line":116,"column":51}},"type":"cond-expr","locations":[{"start":{"line":116,"column":28},"end":{"line":116,"column":39}},{"start":{"line":116,"column":42},"end":{"line":116,"column":51}}]},"9":{"loc":{"start":{"line":166,"column":16},"end":{"line":166,"column":51}},"type":"default-arg","locations":[{"start":{"line":166,"column":43},"end":{"line":166,"column":51}}]},"10":{"loc":{"start":{"line":167,"column":4},"end":{"line":178,"column":5}},"type":"switch","locations":[{"start":{"line":168,"column":6},"end":{"line":174,"column":9}},{"start":{"line":175,"column":6},"end":{"line":175,"column":20}},{"start":{"line":176,"column":6},"end":{"line":177,"column":33}}]},"11":{"loc":{"start":{"line":170,"column":32},"end":{"line":170,"column":49}},"type":"cond-expr","locations":[{"start":{"line":170,"column":39},"end":{"line":170,"column":41}},{"start":{"line":170,"column":32},"end":{"line":170,"column":49}}]},"12":{"loc":{"start":{"line":170,"column":32},"end":{"line":170,"column":41}},"type":"binary-expr","locations":[{"start":{"line":170,"column":32},"end":{"line":170,"column":41}},{"start":{"line":170,"column":32},"end":{"line":170,"column":41}}]}},"s":{"0":0,"1":0,"2":0,"3":0,"4":0,"5":0,"6":0,"7":0,"8":0,"9":0,"10":0,"11":0,"12":0,"13":0,"14":0,"15":0,"16":0,"17":0,"18":0,"19":0,"20":0,"21":0,"22":0,"23":0,"24":0,"25":0,"26":0,"27":0,"28":0,"29":0,"30":0,"31":0,"32":0,"33":0,"34":0,"35":0,"36":0,"37":0,"38":0,"39":0,"40":0,"41":0,"42":0,"43":0,"44":0,"45":0,"46":0,"47":0,"48":0,"49":0,"50":0,"51":0,"52":0,"53":0,"54":0,"55":0,"56":0},"f":{"0":0,"1":0,"2":0,"3":0,"4":0,"5":0,"6":0,"7":0,"8":0,"9":0,"10":0,"11":0,"12":0,"13":0,"14":0},"b":{"0":[0],"1":[0],"2":[0,0],"3":[0],"4":[0,0],"5":[0,0],"6":[0,0],"7":[0],"8":[0,0],"9":[0],"10":[0,0,0],"11":[0,0],"12":[0,0]}}
,"C:\\Users\\AbbasRizvi\\CascadeProjects\\for-your-health-mvp\\lib\\claims\\eligibility\\parsers\\base.parser.ts": {"path":"C:\\Users\\AbbasRizvi\\CascadeProjects\\for-your-health-mvp\\lib\\claims\\eligibility\\parsers\\base.parser.ts","statementMap":{"0":{"start":{"line":53,"column":4},"end":{"line":60,"column":6}},"1":{"start":{"line":69,"column":4},"end":{"line":69,"column":32}},"2":{"start":{"line":69,"column":15},"end":{"line":69,"column":32}},"3":{"start":{"line":71,"column":4},"end":{"line":91,"column":5}},"4":{"start":{"line":73,"column":6},"end":{"line":80,"column":7}},"5":{"start":{"line":75,"column":23},"end":{"line":75,"column":37}},"6":{"start":{"line":76,"column":8},"end":{"line":76,"column":52}},"7":{"start":{"line":76,"column":38},"end":{"line":76,"column":52}},"8":{"start":{"line":83,"column":6},"end":{"line":85,"column":7}},"9":{"start":{"line":84,"column":8},"end":{"line":84,"column":20}},"10":{"start":{"line":87,"column":6},"end":{"line":87,"column":23}},"11":{"start":{"line":89,"column":6},"end":{"line":89,"column":51}},"12":{"start":{"line":90,"column":6},"end":{"line":90,"column":23}},"13":{"start":{"line":27,"column":0},"end":{"line":27,"column":22}},"14":{"start":{"line":95,"column":0},"end":{"line":95,"column":37}}},"fnMap":{"0":{"name":"(anonymous_0)","decl":{"start":{"line":48,"column":12},"end":{"line":48,"column":29}},"loc":{"start":{"line":51,"column":21},"end":{"line":61,"column":3}}},"1":{"name":"(anonymous_1)","decl":{"start":{"line":68,"column":12},"end":{"line":68,"column":25}},"loc":{"start":{"line":68,"column":39},"end":{"line":92,"column":3}}}},"branchMap":{"0":{"loc":{"start":{"line":50,"column":4},"end":{"line":50,"column":32}},"type":"default-arg","locations":[{"start":{"line":50,"column":19},"end":{"line":50,"column":32}}]},"1":{"loc":{"start":{"line":69,"column":4},"end":{"line":69,"column":32}},"type":"if","locations":[{"start":{"line":69,"column":4},"end":{"line":69,"column":32}}]},"2":{"loc":{"start":{"line":73,"column":6},"end":{"line":80,"column":7}},"type":"if","locations":[{"start":{"line":73,"column":6},"end":{"line":80,"column":7}}]},"3":{"loc":{"start":{"line":76,"column":8},"end":{"line":76,"column":52}},"type":"if","locations":[{"start":{"line":76,"column":8},"end":{"line":76,"column":52}}]},"4":{"loc":{"start":{"line":83,"column":6},"end":{"line":85,"column":7}},"type":"if","locations":[{"start":{"line":83,"column":6},"end":{"line":85,"column":7}}]},"5":{"loc":{"start":{"line":83,"column":10},"end":{"line":83,"column":56}},"type":"binary-expr","locations":[{"start":{"line":83,"column":10},"end":{"line":83,"column":30}},{"start":{"line":83,"column":34},"end":{"line":83,"column":56}}]}},"s":{"0":0,"1":0,"2":0,"3":0,"4":0,"5":0,"6":0,"7":0,"8":0,"9":0,"10":0,"11":0,"12":0,"13":1,"14":1},"f":{"0":0,"1":0},"b":{"0":[0],"1":[0],"2":[0],"3":[0],"4":[0],"5":[0,0]}}
,"C:\\Users\\AbbasRizvi\\CascadeProjects\\for-your-health-mvp\\lib\\claims\\eligibility\\parsers\\default.parser.ts": {"path":"C:\\Users\\AbbasRizvi\\CascadeProjects\\for-your-health-mvp\\lib\\claims\\eligibility\\parsers\\default.parser.ts","statementMap":{"0":{"start":{"line":1,"column":0},"end":{"line":1,"column":54}},"1":{"start":{"line":30,"column":4},"end":{"line":30,"column":16}},"2":{"start":{"line":37,"column":4},"end":{"line":94,"column":5}},"3":{"start":{"line":39,"column":6},"end":{"line":41,"column":7}},"4":{"start":{"line":40,"column":8},"end":{"line":40,"column":24}},"5":{"start":{"line":45,"column":6},"end":{"line":57,"column":7}},"6":{"start":{"line":46,"column":8},"end":{"line":54,"column":9}},"7":{"start":{"line":47,"column":10},"end":{"line":47,"column":38}},"8":{"start":{"line":49,"column":10},"end":{"line":53,"column":12}},"9":{"start":{"line":56,"column":8},"end":{"line":56,"column":24}},"10":{"start":{"line":60,"column":6},"end":{"line":87,"column":8}},"11":{"start":{"line":89,"column":6},"end":{"line":93,"column":8}},"12":{"start":{"line":101,"column":4},"end":{"line":105,"column":6}},"13":{"start":{"line":112,"column":4},"end":{"line":114,"column":5}},"14":{"start":{"line":113,"column":6},"end":{"line":113,"column":22}},"15":{"start":{"line":115,"column":4},"end":{"line":115,"column":24}},"16":{"start":{"line":122,"column":4},"end":{"line":124,"column":5}},"17":{"start":{"line":123,"column":6},"end":{"line":123,"column":22}},"18":{"start":{"line":125,"column":4},"end":{"line":125,"column":24}},"19":{"start":{"line":132,"column":4},"end":{"line":132,"column":37}},"20":{"start":{"line":132,"column":20},"end":{"line":132,"column":37}},"21":{"start":{"line":134,"column":4},"end":{"line":136,"column":5}},"22":{"start":{"line":135,"column":6},"end":{"line":135,"column":23}},"23":{"start":{"line":138,"column":4},"end":{"line":141,"column":5}},"24":{"start":{"line":139,"column":19},"end":{"line":139,"column":38}},"25":{"start":{"line":140,"column":6},"end":{"line":140,"column":54}},"26":{"start":{"line":143,"column":4},"end":{"line":143,"column":21}},"27":{"start":{"line":24,"column":0},"end":{"line":24,"column":13}},"28":{"start":{"line":147,"column":0},"end":{"line":147,"column":40}}},"fnMap":{"0":{"name":"(anonymous_7)","decl":{"start":{"line":28,"column":2},"end":{"line":28,"column":10}},"loc":{"start":{"line":28,"column":28},"end":{"line":31,"column":3}}},"1":{"name":"(anonymous_8)","decl":{"start":{"line":36,"column":8},"end":{"line":36,"column":13}},"loc":{"start":{"line":36,"column":52},"end":{"line":95,"column":null}}},"2":{"name":"(anonymous_10)","decl":{"start":{"line":100,"column":10},"end":{"line":100,"column":31}},"loc":{"start":{"line":100,"column":44},"end":{"line":106,"column":3}}},"3":{"name":"(anonymous_11)","decl":{"start":{"line":111,"column":10},"end":{"line":111,"column":25}},"loc":{"start":{"line":111,"column":78},"end":{"line":116,"column":3}}},"4":{"name":"(anonymous_12)","decl":{"start":{"line":121,"column":10},"end":{"line":121,"column":24}},"loc":{"start":{"line":121,"column":69},"end":{"line":126,"column":3}}},"5":{"name":"(anonymous_13)","decl":{"start":{"line":131,"column":10},"end":{"line":131,"column":19}},"loc":{"start":{"line":131,"column":38},"end":{"line":144,"column":3}}}},"branchMap":{"0":{"loc":{"start":{"line":39,"column":6},"end":{"line":41,"column":7}},"type":"if","locations":[{"start":{"line":39,"column":6},"end":{"line":41,"column":7}}]},"1":{"loc":{"start":{"line":45,"column":6},"end":{"line":57,"column":7}},"type":"if","locations":[{"start":{"line":45,"column":6},"end":{"line":57,"column":7}},{"start":{"line":55,"column":13},"end":{"line":57,"column":7}}]},"2":{"loc":{"start":{"line":62,"column":38},"end":{"line":62,"column":82}},"type":"binary-expr","locations":[{"start":{"line":62,"column":38},"end":{"line":62,"column":56}},{"start":{"line":62,"column":60},"end":{"line":62,"column":82}}]},"3":{"loc":{"start":{"line":63,"column":33},"end":{"line":63,"column":70}},"type":"binary-expr","locations":[{"start":{"line":63,"column":33},"end":{"line":63,"column":46}},{"start":{"line":63,"column":50},"end":{"line":63,"column":70}}]},"4":{"loc":{"start":{"line":64,"column":18},"end":{"line":75,"column":21}},"type":"cond-expr","locations":[{"start":{"line":64,"column":33},"end":{"line":74,"column":null}},{"start":{"line":75,"column":12},"end":{"line":75,"column":21}}]},"5":{"loc":{"start":{"line":65,"column":22},"end":{"line":65,"column":78}},"type":"cond-expr","locations":[{"start":{"line":65,"column":73},"end":{"line":65,"column":77}},{"start":{"line":65,"column":77},"end":{"line":65,"column":78}}]},"6":{"loc":{"start":{"line":65,"column":22},"end":{"line":65,"column":77}},"type":"binary-expr","locations":[{"start":{"line":65,"column":22},"end":{"line":65,"column":77}},{"start":{"line":65,"column":73},"end":{"line":65,"column":77}}]},"7":{"loc":{"start":{"line":66,"column":25},"end":{"line":66,"column":84}},"type":"cond-expr","locations":[{"start":{"line":66,"column":79},"end":{"line":66,"column":83}},{"start":{"line":66,"column":83},"end":{"line":66,"column":84}}]},"8":{"loc":{"start":{"line":66,"column":25},"end":{"line":66,"column":83}},"type":"binary-expr","locations":[{"start":{"line":66,"column":25},"end":{"line":66,"column":83}},{"start":{"line":66,"column":79},"end":{"line":66,"column":83}}]},"9":{"loc":{"start":{"line":67,"column":26},"end":{"line":67,"column":86}},"type":"cond-expr","locations":[{"start":{"line":67,"column":81},"end":{"line":67,"column":85}},{"start":{"line":67,"column":85},"end":{"line":67,"column":86}}]},"10":{"loc":{"start":{"line":67,"column":26},"end":{"line":67,"column":85}},"type":"binary-expr","locations":[{"start":{"line":67,"column":26},"end":{"line":67,"column":85}},{"start":{"line":67,"column":81},"end":{"line":67,"column":85}}]},"11":{"loc":{"start":{"line":68,"column":26},"end":{"line":68,"column":86}},"type":"cond-expr","locations":[{"start":{"line":68,"column":81},"end":{"line":68,"column":85}},{"start":{"line":68,"column":85},"end":{"line":68,"column":86}}]},"12":{"loc":{"start":{"line":68,"column":26},"end":{"line":68,"column":85}},"type":"binary-expr","locations":[{"start":{"line":68,"column":26},"end":{"line":68,"column":85}},{"start":{"line":68,"column":81},"end":{"line":68,"column":85}}]},"13":{"loc":{"start":{"line":69,"column":14},"end":{"line":71,"column":12}},"type":"binary-expr","locations":[{"start":{"line":69,"column":14},"end":{"line":69,"column":71}},{"start":{"line":69,"column":75},"end":{"line":71,"column":12}}]},"14":{"loc":{"start":{"line":72,"column":14},"end":{"line":74,"column":12}},"type":"binary-expr","locations":[{"start":{"line":72,"column":14},"end":{"line":72,"column":77}},{"start":{"line":72,"column":81},"end":{"line":74,"column":12}}]},"15":{"loc":{"start":{"line":76,"column":14},"end":{"line":80,"column":null}},"type":"binary-expr","locations":[{"start":{"line":76,"column":14},"end":{"line":76,"column":23}},{"start":{"line":76,"column":27},"end":{"line":80,"column":null}}]},"16":{"loc":{"start":{"line":82,"column":15},"end":{"line":86,"column":21}},"type":"cond-expr","locations":[{"start":{"line":82,"column":28},"end":{"line":86,"column":10}},{"start":{"line":86,"column":12},"end":{"line":86,"column":21}}]},"17":{"loc":{"start":{"line":83,"column":16},"end":{"line":83,"column":50}},"type":"binary-expr","locations":[{"start":{"line":83,"column":16},"end":{"line":83,"column":31}},{"start":{"line":83,"column":35},"end":{"line":83,"column":50}}]},"18":{"loc":{"start":{"line":84,"column":19},"end":{"line":84,"column":56}},"type":"binary-expr","locations":[{"start":{"line":84,"column":19},"end":{"line":84,"column":37}},{"start":{"line":84,"column":41},"end":{"line":84,"column":56}}]},"19":{"loc":{"start":{"line":92,"column":8},"end":{"line":92,"column":62}},"type":"cond-expr","locations":[{"start":{"line":92,"column":33},"end":{"line":92,"column":46}},{"start":{"line":92,"column":49},"end":{"line":92,"column":62}}]},"20":{"loc":{"start":{"line":102,"column":6},"end":{"line":104,"column":25}},"type":"binary-expr","locations":[{"start":{"line":102,"column":6},"end":{"line":102,"column":29}},{"start":{"line":103,"column":6},"end":{"line":103,"column":18}},{"start":{"line":104,"column":6},"end":{"line":104,"column":25}}]},"21":{"loc":{"start":{"line":111,"column":49},"end":{"line":111,"column":78}},"type":"default-arg","locations":[{"start":{"line":111,"column":73},"end":{"line":111,"column":78}}]},"22":{"loc":{"start":{"line":112,"column":4},"end":{"line":114,"column":5}},"type":"if","locations":[{"start":{"line":112,"column":4},"end":{"line":114,"column":5}}]},"23":{"loc":{"start":{"line":112,"column":8},"end":{"line":112,"column":44}},"type":"binary-expr","locations":[{"start":{"line":112,"column":8},"end":{"line":112,"column":11}},{"start":{"line":112,"column":15},"end":{"line":112,"column":44}}]},"24":{"loc":{"start":{"line":122,"column":4},"end":{"line":124,"column":5}},"type":"if","locations":[{"start":{"line":122,"column":4},"end":{"line":124,"column":5}}]},"25":{"loc":{"start":{"line":122,"column":8},"end":{"line":122,"column":43}},"type":"binary-expr","locations":[{"start":{"line":122,"column":8},"end":{"line":122,"column":11}},{"start":{"line":122,"column":15},"end":{"line":122,"column":43}}]},"26":{"loc":{"start":{"line":132,"column":4},"end":{"line":132,"column":37}},"type":"if","locations":[{"start":{"line":132,"column":4},"end":{"line":132,"column":37}}]},"27":{"loc":{"start":{"line":134,"column":4},"end":{"line":136,"column":5}},"type":"if","locations":[{"start":{"line":134,"column":4},"end":{"line":136,"column":5}}]},"28":{"loc":{"start":{"line":138,"column":4},"end":{"line":141,"column":5}},"type":"if","locations":[{"start":{"line":138,"column":4},"end":{"line":141,"column":5}}]},"29":{"loc":{"start":{"line":140,"column":13},"end":{"line":140,"column":53}},"type":"cond-expr","locations":[{"start":{"line":140,"column":37},"end":{"line":140,"column":46}},{"start":{"line":140,"column":49},"end":{"line":140,"column":53}}]}},"s":{"0":1,"1":0,"2":1,"3":1,"4":1,"5":0,"6":0,"7":0,"8":0,"9":0,"10":0,"11":0,"12":1,"13":0,"14":0,"15":0,"16":0,"17":0,"18":0,"19":0,"20":0,"21":0,"22":0,"23":0,"24":0,"25":0,"26":0,"27":1,"28":1},"f":{"0":0,"1":1,"2":1,"3":0,"4":0,"5":0},"b":{"0":[1],"1":[0,0],"2":[0,0],"3":[0,0],"4":[0,0],"5":[0,0],"6":[0,0],"7":[0,0],"8":[0,0],"9":[0,0],"10":[0,0],"11":[0,0],"12":[0,0],"13":[0,0],"14":[0,0],"15":[0,0],"16":[0,0],"17":[0,0],"18":[0,0],"19":[0,0],"20":[1,1,1],"21":[0],"22":[0],"23":[0,0],"24":[0],"25":[0,0],"26":[0],"27":[0],"28":[0],"29":[0,0]}}
,"C:\\Users\\AbbasRizvi\\CascadeProjects\\for-your-health-mvp\\lib\\claims\\eligibility\\validators\\base.validator.ts": {"path":"C:\\Users\\AbbasRizvi\\CascadeProjects\\for-your-health-mvp\\lib\\claims\\eligibility\\validators\\base.validator.ts","statementMap":{"0":{"start":{"line":31,"column":12},"end":{"line":31,"column":34}},"1":{"start":{"line":32,"column":12},"end":{"line":32,"column":41}},"2":{"start":{"line":44,"column":4},"end":{"line":44,"column":28}},"3":{"start":{"line":51,"column":4},"end":{"line":51,"column":27}},"4":{"start":{"line":59,"column":4},"end":{"line":59,"column":30}},"5":{"start":{"line":66,"column":4},"end":{"line":66,"column":21}},"6":{"start":{"line":74,"column":4},"end":{"line":74,"column":26}},"7":{"start":{"line":89,"column":4},"end":{"line":92,"column":5}},"8":{"start":{"line":90,"column":6},"end":{"line":90,"column":48}},"9":{"start":{"line":91,"column":6},"end":{"line":91,"column":19}},"10":{"start":{"line":94,"column":4},"end":{"line":97,"column":5}},"11":{"start":{"line":95,"column":6},"end":{"line":95,"column":51}},"12":{"start":{"line":96,"column":6},"end":{"line":96,"column":19}},"13":{"start":{"line":99,"column":4},"end":{"line":99,"column":16}},"14":{"start":{"line":112,"column":4},"end":{"line":115,"column":5}},"15":{"start":{"line":113,"column":6},"end":{"line":113,"column":48}},"16":{"start":{"line":114,"column":6},"end":{"line":114,"column":19}},"17":{"start":{"line":117,"column":4},"end":{"line":120,"column":5}},"18":{"start":{"line":118,"column":6},"end":{"line":118,"column":52}},"19":{"start":{"line":119,"column":6},"end":{"line":119,"column":19}},"20":{"start":{"line":122,"column":4},"end":{"line":122,"column":16}},"21":{"start":{"line":30,"column":0},"end":{"line":30,"column":22}},"22":{"start":{"line":126,"column":0},"end":{"line":126,"column":40}}},"fnMap":{"0":{"name":"(anonymous_0)","decl":{"start":{"line":30,"column":0},"end":{"line":30,"column":22}},"loc":{"start":{"line":30,"column":0},"end":{"line":124,"column":1}}},"1":{"name":"(anonymous_1)","decl":{"start":{"line":43,"column":2},"end":{"line":43,"column":11}},"loc":{"start":{"line":43,"column":11},"end":{"line":45,"column":3}}},"2":{"name":"(anonymous_2)","decl":{"start":{"line":50,"column":2},"end":{"line":50,"column":10}},"loc":{"start":{"line":50,"column":10},"end":{"line":52,"column":3}}},"3":{"name":"(anonymous_3)","decl":{"start":{"line":58,"column":12},"end":{"line":58,"column":20}},"loc":{"start":{"line":58,"column":36},"end":{"line":60,"column":3}}},"4":{"name":"(anonymous_4)","decl":{"start":{"line":65,"column":12},"end":{"line":65,"column":23}},"loc":{"start":{"line":65,"column":23},"end":{"line":67,"column":3}}},"5":{"name":"(anonymous_5)","decl":{"start":{"line":73,"column":12},"end":{"line":73,"column":19}},"loc":{"start":{"line":73,"column":40},"end":{"line":75,"column":3}}},"6":{"name":"(anonymous_6)","decl":{"start":{"line":84,"column":12},"end":{"line":84,"column":27}},"loc":{"start":{"line":87,"column":21},"end":{"line":100,"column":3}}},"7":{"name":"(anonymous_7)","decl":{"start":{"line":108,"column":12},"end":{"line":108,"column":28}},"loc":{"start":{"line":110,"column":21},"end":{"line":123,"column":3}}}},"branchMap":{"0":{"loc":{"start":{"line":89,"column":4},"end":{"line":92,"column":5}},"type":"if","locations":[{"start":{"line":89,"column":4},"end":{"line":92,"column":5}}]},"1":{"loc":{"start":{"line":94,"column":4},"end":{"line":97,"column":5}},"type":"if","locations":[{"start":{"line":94,"column":4},"end":{"line":97,"column":5}}]},"2":{"loc":{"start":{"line":112,"column":4},"end":{"line":115,"column":5}},"type":"if","locations":[{"start":{"line":112,"column":4},"end":{"line":115,"column":5}}]},"3":{"loc":{"start":{"line":117,"column":4},"end":{"line":120,"column":5}},"type":"if","locations":[{"start":{"line":117,"column":4},"end":{"line":120,"column":5}}]},"4":{"loc":{"start":{"line":117,"column":8},"end":{"line":117,"column":56}},"type":"binary-expr","locations":[{"start":{"line":117,"column":8},"end":{"line":117,"column":33}},{"start":{"line":117,"column":37},"end":{"line":117,"column":56}}]}},"s":{"0":0,"1":0,"2":0,"3":0,"4":0,"5":0,"6":0,"7":0,"8":0,"9":0,"10":0,"11":0,"12":0,"13":0,"14":0,"15":0,"16":0,"17":0,"18":0,"19":0,"20":0,"21":0,"22":0},"f":{"0":0,"1":0,"2":0,"3":0,"4":0,"5":0,"6":0,"7":0},"b":{"0":[0],"1":[0],"2":[0],"3":[0],"4":[0,0]}}
,"C:\\Users\\AbbasRizvi\\CascadeProjects\\for-your-health-mvp\\lib\\claims\\eligibility\\validators\\default.validator.ts": {"path":"C:\\Users\\AbbasRizvi\\CascadeProjects\\for-your-health-mvp\\lib\\claims\\eligibility\\validators\\default.validator.ts","statementMap":{"0":{"start":{"line":2,"column":0},"end":{"line":2,"column":60}},"1":{"start":{"line":9,"column":4},"end":{"line":9,"column":12}},"2":{"start":{"line":10,"column":4},"end":{"line":10,"column":27}},"3":{"start":{"line":18,"column":4},"end":{"line":46,"column":7}},"4":{"start":{"line":21,"column":46},"end":{"line":45,"column":null}},"5":{"start":{"line":22,"column":22},"end":{"line":22,"column":26}},"6":{"start":{"line":24,"column":8},"end":{"line":27,"column":9}},"7":{"start":{"line":25,"column":10},"end":{"line":25,"column":48}},"8":{"start":{"line":26,"column":10},"end":{"line":26,"column":26}},"9":{"start":{"line":29,"column":8},"end":{"line":32,"column":9}},"10":{"start":{"line":30,"column":10},"end":{"line":30,"column":50}},"11":{"start":{"line":31,"column":10},"end":{"line":31,"column":26}},"12":{"start":{"line":34,"column":8},"end":{"line":37,"column":9}},"13":{"start":{"line":35,"column":10},"end":{"line":35,"column":49}},"14":{"start":{"line":36,"column":10},"end":{"line":36,"column":26}},"15":{"start":{"line":39,"column":8},"end":{"line":42,"column":9}},"16":{"start":{"line":40,"column":10},"end":{"line":40,"column":54}},"17":{"start":{"line":41,"column":10},"end":{"line":41,"column":26}},"18":{"start":{"line":44,"column":8},"end":{"line":44,"column":23}},"19":{"start":{"line":49,"column":4},"end":{"line":68,"column":7}},"20":{"start":{"line":52,"column":46},"end":{"line":67,"column":null}},"21":{"start":{"line":53,"column":8},"end":{"line":53,"column":45}},"22":{"start":{"line":53,"column":33},"end":{"line":53,"column":45}},"23":{"start":{"line":55,"column":30},"end":{"line":55,"column":58}},"24":{"start":{"line":57,"column":8},"end":{"line":64,"column":9}},"25":{"start":{"line":58,"column":27},"end":{"line":58,"column":50}},"26":{"start":{"line":60,"column":10},"end":{"line":63,"column":11}},"27":{"start":{"line":61,"column":12},"end":{"line":61,"column":69}},"28":{"start":{"line":62,"column":12},"end":{"line":62,"column":25}},"29":{"start":{"line":66,"column":8},"end":{"line":66,"column":20}},"30":{"start":{"line":71,"column":4},"end":{"line":86,"column":7}},"31":{"start":{"line":74,"column":46},"end":{"line":85,"column":null}},"32":{"start":{"line":75,"column":8},"end":{"line":75,"column":40}},"33":{"start":{"line":75,"column":28},"end":{"line":75,"column":40}},"34":{"start":{"line":78,"column":30},"end":{"line":78,"column":48}},"35":{"start":{"line":79,"column":8},"end":{"line":82,"column":9}},"36":{"start":{"line":80,"column":10},"end":{"line":80,"column":65}},"37":{"start":{"line":81,"column":10},"end":{"line":81,"column":23}},"38":{"start":{"line":84,"column":8},"end":{"line":84,"column":20}},"39":{"start":{"line":89,"column":4},"end":{"line":104,"column":7}},"40":{"start":{"line":92,"column":46},"end":{"line":103,"column":null}},"41":{"start":{"line":93,"column":8},"end":{"line":93,"column":40}},"42":{"start":{"line":93,"column":28},"end":{"line":93,"column":40}},"43":{"start":{"line":95,"column":29},"end":{"line":95,"column":78}},"44":{"start":{"line":97,"column":8},"end":{"line":100,"column":9}},"45":{"start":{"line":98,"column":10},"end":{"line":98,"column":80}},"46":{"start":{"line":99,"column":10},"end":{"line":99,"column":23}},"47":{"start":{"line":102,"column":8},"end":{"line":102,"column":20}},"48":{"start":{"line":113,"column":4},"end":{"line":113,"column":23}},"49":{"start":{"line":116,"column":4},"end":{"line":127,"column":5}},"50":{"start":{"line":117,"column":6},"end":{"line":126,"column":7}},"51":{"start":{"line":118,"column":24},"end":{"line":118,"column":49}},"52":{"start":{"line":119,"column":8},"end":{"line":122,"column":9}},"53":{"start":{"line":121,"column":10},"end":{"line":121,"column":19}},"54":{"start":{"line":124,"column":8},"end":{"line":124,"column":74}},"55":{"start":{"line":125,"column":8},"end":{"line":125,"column":62}},"56":{"start":{"line":129,"column":4},"end":{"line":129,"column":41}},"57":{"start":{"line":7,"column":0},"end":{"line":7,"column":13}},"58":{"start":{"line":133,"column":0},"end":{"line":133,"column":43}}},"fnMap":{"0":{"name":"(anonymous_7)","decl":{"start":{"line":8,"column":2},"end":{"line":8,"column":null}},"loc":{"start":{"line":8,"column":2},"end":{"line":11,"column":3}}},"1":{"name":"(anonymous_8)","decl":{"start":{"line":16,"column":10},"end":{"line":16,"column":25}},"loc":{"start":{"line":16,"column":25},"end":{"line":105,"column":3}}},"2":{"name":"(anonymous_9)","decl":{"start":{"line":21,"column":16},"end":{"line":21,"column":23}},"loc":{"start":{"line":21,"column":46},"end":{"line":45,"column":null}}},"3":{"name":"(anonymous_10)","decl":{"start":{"line":21,"column":46},"end":{"line":21,"column":null}},"loc":{"start":{"line":21,"column":46},"end":{"line":45,"column":7}}},"4":{"name":"(anonymous_11)","decl":{"start":{"line":52,"column":16},"end":{"line":52,"column":23}},"loc":{"start":{"line":52,"column":46},"end":{"line":67,"column":null}}},"5":{"name":"(anonymous_12)","decl":{"start":{"line":52,"column":46},"end":{"line":52,"column":null}},"loc":{"start":{"line":52,"column":46},"end":{"line":67,"column":7}}},"6":{"name":"(anonymous_13)","decl":{"start":{"line":74,"column":16},"end":{"line":74,"column":23}},"loc":{"start":{"line":74,"column":46},"end":{"line":85,"column":null}}},"7":{"name":"(anonymous_14)","decl":{"start":{"line":74,"column":46},"end":{"line":74,"column":null}},"loc":{"start":{"line":74,"column":46},"end":{"line":85,"column":7}}},"8":{"name":"(anonymous_15)","decl":{"start":{"line":92,"column":16},"end":{"line":92,"column":23}},"loc":{"start":{"line":92,"column":46},"end":{"line":103,"column":null}}},"9":{"name":"(anonymous_16)","decl":{"start":{"line":92,"column":46},"end":{"line":92,"column":null}},"loc":{"start":{"line":92,"column":46},"end":{"line":103,"column":7}}},"10":{"name":"(anonymous_17)","decl":{"start":{"line":112,"column":8},"end":{"line":112,"column":16}},"loc":{"start":{"line":112,"column":36},"end":{"line":130,"column":null}}}},"branchMap":{"0":{"loc":{"start":{"line":24,"column":8},"end":{"line":27,"column":9}},"type":"if","locations":[{"start":{"line":24,"column":8},"end":{"line":27,"column":9}}]},"1":{"loc":{"start":{"line":29,"column":8},"end":{"line":32,"column":9}},"type":"if","locations":[{"start":{"line":29,"column":8},"end":{"line":32,"column":9}}]},"2":{"loc":{"start":{"line":34,"column":8},"end":{"line":37,"column":9}},"type":"if","locations":[{"start":{"line":34,"column":8},"end":{"line":37,"column":9}}]},"3":{"loc":{"start":{"line":39,"column":8},"end":{"line":42,"column":9}},"type":"if","locations":[{"start":{"line":39,"column":8},"end":{"line":42,"column":9}}]},"4":{"loc":{"start":{"line":53,"column":8},"end":{"line":53,"column":45}},"type":"if","locations":[{"start":{"line":53,"column":8},"end":{"line":53,"column":45}}]},"5":{"loc":{"start":{"line":57,"column":8},"end":{"line":64,"column":9}},"type":"if","locations":[{"start":{"line":57,"column":8},"end":{"line":64,"column":9}}]},"6":{"loc":{"start":{"line":60,"column":10},"end":{"line":63,"column":11}},"type":"if","locations":[{"start":{"line":60,"column":10},"end":{"line":63,"column":11}}]},"7":{"loc":{"start":{"line":75,"column":8},"end":{"line":75,"column":40}},"type":"if","locations":[{"start":{"line":75,"column":8},"end":{"line":75,"column":40}}]},"8":{"loc":{"start":{"line":79,"column":8},"end":{"line":82,"column":9}},"type":"if","locations":[{"start":{"line":79,"column":8},"end":{"line":82,"column":9}}]},"9":{"loc":{"start":{"line":93,"column":8},"end":{"line":93,"column":40}},"type":"if","locations":[{"start":{"line":93,"column":8},"end":{"line":93,"column":40}}]},"10":{"loc":{"start":{"line":97,"column":8},"end":{"line":100,"column":9}},"type":"if","locations":[{"start":{"line":97,"column":8},"end":{"line":100,"column":9}}]},"11":{"loc":{"start":{"line":119,"column":8},"end":{"line":122,"column":9}},"type":"if","locations":[{"start":{"line":119,"column":8},"end":{"line":122,"column":9}}]}},"s":{"0":0,"1":0,"2":0,"3":0,"4":0,"5":0,"6":0,"7":0,"8":0,"9":0,"10":0,"11":0,"12":0,"13":0,"14":0,"15":0,"16":0,"17":0,"18":0,"19":0,"20":0,"21":0,"22":0,"23":0,"24":0,"25":0,"26":0,"27":0,"28":0,"29":0,"30":0,"31":0,"32":0,"33":0,"34":0,"35":0,"36":0,"37":0,"38":0,"39":0,"40":0,"41":0,"42":0,"43":0,"44":0,"45":0,"46":0,"47":0,"48":0,"49":0,"50":0,"51":0,"52":0,"53":0,"54":0,"55":0,"56":0,"57":0,"58":0},"f":{"0":0,"1":0,"2":0,"3":0,"4":0,"5":0,"6":0,"7":0,"8":0,"9":0,"10":0},"b":{"0":[0],"1":[0],"2":[0],"3":[0],"4":[0],"5":[0],"6":[0],"7":[0],"8":[0],"9":[0],"10":[0],"11":[0]}}
}
